Arguments: 
  /usr/local/bin/node /usr/local/bin/yarn

PATH: 
  /Users/nitintulswani/.cargo/bin:/Users/nitintulswani/npm-global/bin:/usr/local/sbin:/Users/nitintulswani/.rbenv/shims:/Users/nitintulswani/.rbenv/shims:/Library/Frameworks/Python.framework/Versions/3.5/bin:/Library/Frameworks/Python.framework/Versions/3.6/bin:/usr/local/bin:/usr/bin:/bin:/usr/sbin:/sbin:/usr/local/go/bin

Yarn version: 
  1.6.0

Node version: 
  8.11.3

Platform: 
  darwin x64

Trace: 
  Error: registry.npmjs.org/emotion: Invalid URI "registry.npmjs.org/emotion"
      at Request.module.exports.Request.init (/usr/local/lib/node_modules/yarn/lib/cli.js:133243:31)
      at new Request (/usr/local/lib/node_modules/yarn/lib/cli.js:133097:8)
      at request (/usr/local/lib/node_modules/yarn/lib/cli.js:130096:10)
      at RequestManager.execute (/usr/local/lib/node_modules/yarn/lib/cli.js:65379:15)
      at RequestManager.shiftQueue (/usr/local/lib/node_modules/yarn/lib/cli.js:65406:10)
      at /usr/local/lib/node_modules/yarn/lib/cli.js:65157:13
      at new Promise (<anonymous>)
      at new F (/usr/local/lib/node_modules/yarn/lib/cli.js:23469:28)
      at RequestManager.request (/usr/local/lib/node_modules/yarn/lib/cli.js:65155:19)
      at NpmRegistry.request (/usr/local/lib/node_modules/yarn/lib/cli.js:31162:32)

npm manifest: 
  {
  	"name": "react-color-plus",
  	"version": "1.0.0",
  	"description": "A collection of advance color pickers created with react-color primitives",
  	"main": "index.js",
  	"author": "Nitin Tulswani",
  	"license": "MIT",
  	"dependencies": {
  		"emotion": "^9.2.8",
  		"randomcolor": "^0.5.3",
  		"react-c": "^0.2.0",
  		"react-color": "^2.14.1",
  		"react-color-extractor": "^1.1.2"
  	},
  	"devDependencies": {
  		"babel-core": "^6.26.3",
  		"babel-plugin-transform-class-properties": "^6.24.1",
  		"babel-plugin-transform-object-rest-spread": "^6.26.0",
  		"babel-preset-env": "^1.7.0",
  		"babel-preset-react": "^6.24.1",
  		"parcel-bundler": "^1.9.7",
  		"react": "^16.4.2",
  		"react-dom": "^16.4.2"
  	},
  	"scripts": {
  		"start": "parcel ./public/index.html -p 4567"
  	}
  }

yarn manifest: 
  No manifest

Lockfile: 
  No lockfile
